Flow report for MIPS_RISK_PipelinedProcessor
Sun Mar 24 19:41:35 2024
Quartus II 64-Bit Version 13.1.0 Build 162 10/23/2013 SJ Web Edition


---------------------
; Table of Contents ;
---------------------
  1. Legal Notice
  2. Flow Summary
  3. Flow Settings
  4. Flow Non-Default Global Settings
  5. Flow Elapsed Time
  6. Flow OS Summary
  7. Flow Log
  8. Flow Messages
  9. Flow Suppressed Messages



----------------
; Legal Notice ;
----------------
Copyright (C) 1991-2013 Altera Corporation
Your use of Altera Corporation's design tools, logic functions 
and other software and tools, and its AMPP partner logic 
functions, and any output files from any of the foregoing 
(including device programming or simulation files), and any 
associated documentation or information are expressly subject 
to the terms and conditions of the Altera Program License 
Subscription Agreement, Altera MegaCore Function License 
Agreement, or other applicable license agreement, including, 
without limitation, that your use is for the sole purpose of 
programming logic devices manufactured by Altera and sold by 
Altera or its authorized distributors.  Please refer to the 
applicable agreement for further details.



+---------------------------------------------------------------------------------+
; Flow Summary                                                                    ;
+------------------------------------+--------------------------------------------+
; Flow Status                        ; Successful - Sun Mar 24 19:41:35 2024      ;
; Quartus II 64-Bit Version          ; 13.1.0 Build 162 10/23/2013 SJ Web Edition ;
; Revision Name                      ; MIPS_RISK_PipelinedProcessor               ;
; Top-level Entity Name              ; top_level                                  ;
; Family                             ; Cyclone IV GX                              ;
; Total logic elements               ; 115 / 21,280 ( < 1 % )                     ;
;     Total combinational functions  ; 114 / 21,280 ( < 1 % )                     ;
;     Dedicated logic registers      ; 16 / 21,280 ( < 1 % )                      ;
; Total registers                    ; 16                                         ;
; Total pins                         ; 45 / 167 ( 27 % )                          ;
; Total virtual pins                 ; 0                                          ;
; Total memory bits                  ; 10,240 / 774,144 ( 1 % )                   ;
; Embedded Multiplier 9-bit elements ; 0 / 80 ( 0 % )                             ;
; Total GXB Receiver Channel PCS     ; 0 / 4 ( 0 % )                              ;
; Total GXB Receiver Channel PMA     ; 0 / 4 ( 0 % )                              ;
; Total GXB Transmitter Channel PCS  ; 0 / 4 ( 0 % )                              ;
; Total GXB Transmitter Channel PMA  ; 0 / 4 ( 0 % )                              ;
; Total PLLs                         ; 0 / 4 ( 0 % )                              ;
; Device                             ; EP4CGX22CF19C6                             ;
; Timing Models                      ; Final                                      ;
+------------------------------------+--------------------------------------------+


+--------------------------------------------------+
; Flow Settings                                    ;
+-------------------+------------------------------+
; Option            ; Setting                      ;
+-------------------+------------------------------+
; Start date & time ; 03/24/2024 19:38:01          ;
; Main task         ; Compilation                  ;
; Revision Name     ; MIPS_RISK_PipelinedProcessor ;
+-------------------+------------------------------+


+-------------------------------------------------------------------------------------------------------------------------------------------------------------------------------------+
; Flow Non-Default Global Settings                                                                                                                                                    ;
+-------------------------------------+---------------------------------------------------------------------------------+------------------------------+-------------+----------------+
; Assignment Name                     ; Value                                                                           ; Default Value                ; Entity Name ; Section Id     ;
+-------------------------------------+---------------------------------------------------------------------------------+------------------------------+-------------+----------------+
; COMPILER_SIGNATURE_ID               ; 96830617085114.171132348111652                                                  ; --                           ; --          ; --             ;
; EDA_GENERATE_FUNCTIONAL_NETLIST     ; On                                                                              ; --                           ; --          ; eda_simulation ;
; EDA_NETLIST_WRITER_OUTPUT_DIR       ; C:/Users/Wring/Documents/_uOttawa/2024Winter/CEG3156/Labs/Lab3/simulation/qsim/ ; --                           ; --          ; eda_simulation ;
; EDA_OUTPUT_DATA_FORMAT              ; Verilog Hdl                                                                     ; --                           ; --          ; eda_simulation ;
; EDA_SIMULATION_TOOL                 ; ModelSim-Altera (Verilog)                                                       ; <None>                       ; --          ; --             ;
; EDA_TIME_SCALE                      ; 1 ps                                                                            ; --                           ; --          ; eda_simulation ;
; PARTITION_COLOR                     ; 16764057                                                                        ; --                           ; top_level   ; Top            ;
; PARTITION_FITTER_PRESERVATION_LEVEL ; PLACEMENT_AND_ROUTING                                                           ; --                           ; top_level   ; Top            ;
; PARTITION_NETLIST_TYPE              ; SOURCE                                                                          ; --                           ; top_level   ; Top            ;
; PROJECT_OUTPUT_DIRECTORY            ; output_files                                                                    ; --                           ; --          ; --             ;
; TOP_LEVEL_ENTITY                    ; top_level                                                                       ; MIPS_RISK_PipelinedProcessor ; --          ; --             ;
+-------------------------------------+---------------------------------------------------------------------------------+------------------------------+-------------+----------------+


+-------------------------------------------------------------------------------------------------------------------------------+
; Flow Elapsed Time                                                                                                             ;
+---------------------------+--------------+-------------------------+---------------------+------------------------------------+
; Module Name               ; Elapsed Time ; Average Processors Used ; Peak Virtual Memory ; Total CPU Time (on all processors) ;
+---------------------------+--------------+-------------------------+---------------------+------------------------------------+
; Analysis & Synthesis      ; 00:00:07     ; 1.0                     ; 4815 MB             ; 00:00:04                           ;
; Fitter                    ; 00:00:05     ; 1.0                     ; 5083 MB             ; 00:00:02                           ;
; Assembler                 ; 00:00:01     ; 1.0                     ; 4646 MB             ; 00:00:00                           ;
; TimeQuest Timing Analyzer ; 00:00:01     ; 1.0                     ; 4656 MB             ; 00:00:00                           ;
; EDA Netlist Writer        ; 00:00:00     ; 1.0                     ; 4604 MB             ; 00:00:00                           ;
; EDA Netlist Writer        ; 00:00:00     ; 1.0                     ; 4616 MB             ; 00:00:00                           ;
; EDA Netlist Writer        ; 00:00:00     ; 1.0                     ; 4616 MB             ; 00:00:00                           ;
; EDA Netlist Writer        ; 00:00:01     ; 1.0                     ; 4616 MB             ; 00:00:00                           ;
; EDA Netlist Writer        ; 00:00:00     ; 1.0                     ; 4632 MB             ; 00:00:00                           ;
; EDA Netlist Writer        ; 00:00:00     ; 1.0                     ; 4616 MB             ; 00:00:00                           ;
; EDA Netlist Writer        ; 00:00:01     ; 1.0                     ; 4616 MB             ; 00:00:00                           ;
; Total                     ; 00:00:16     ; --                      ; --                  ; 00:00:06                           ;
+---------------------------+--------------+-------------------------+---------------------+------------------------------------+


+----------------------------------------------------------------------------------------+
; Flow OS Summary                                                                        ;
+---------------------------+------------------+-----------+------------+----------------+
; Module Name               ; Machine Hostname ; OS Name   ; OS Version ; Processor type ;
+---------------------------+------------------+-----------+------------+----------------+
; Analysis & Synthesis      ; Alikar           ; Windows 7 ; 6.2        ; x86_64         ;
; Fitter                    ; Alikar           ; Windows 7 ; 6.2        ; x86_64         ;
; Assembler                 ; Alikar           ; Windows 7 ; 6.2        ; x86_64         ;
; TimeQuest Timing Analyzer ; Alikar           ; Windows 7 ; 6.2        ; x86_64         ;
; EDA Netlist Writer        ; Alikar           ; Windows 7 ; 6.2        ; x86_64         ;
; EDA Netlist Writer        ; Alikar           ; Windows 7 ; 6.2        ; x86_64         ;
; EDA Netlist Writer        ; Alikar           ; Windows 7 ; 6.2        ; x86_64         ;
; EDA Netlist Writer        ; Alikar           ; Windows 7 ; 6.2        ; x86_64         ;
; EDA Netlist Writer        ; Alikar           ; Windows 7 ; 6.2        ; x86_64         ;
; EDA Netlist Writer        ; Alikar           ; Windows 7 ; 6.2        ; x86_64         ;
; EDA Netlist Writer        ; Alikar           ; Windows 7 ; 6.2        ; x86_64         ;
+---------------------------+------------------+-----------+------------+----------------+


------------
; Flow Log ;
------------
quartus_map --read_settings_files=on --write_settings_files=off MIPS_RISK_PipelinedProcessor -c MIPS_RISK_PipelinedProcessor
quartus_fit --read_settings_files=off --write_settings_files=off MIPS_RISK_PipelinedProcessor -c MIPS_RISK_PipelinedProcessor
quartus_asm --read_settings_files=off --write_settings_files=off MIPS_RISK_PipelinedProcessor -c MIPS_RISK_PipelinedProcessor
quartus_sta MIPS_RISK_PipelinedProcessor -c MIPS_RISK_PipelinedProcessor
quartus_eda --read_settings_files=off --write_settings_files=off MIPS_RISK_PipelinedProcessor -c MIPS_RISK_PipelinedProcessor
quartus_eda --gen_testbench --check_outputs=on --tool=modelsim_oem --format=verilog MIPS_RISK_PipelinedProcessor -c MIPS_RISK_PipelinedProcessor --vector_source=C:/Users/Wring/Documents/_uOttawa/2024Winter/CEG3156/Labs/Lab3/component_test.vwf --testbench_file=C:/Users/Wring/Documents/_uOttawa/2024Winter/CEG3156/Labs/Lab3/simulation/qsim/component_test.vwf.vt
quartus_eda --functional=on --flatten_buses=off --simulation=on --tool=modelsim_oem --format=verilog --output_directory=C:/Users/Wring/Documents/_uOttawa/2024Winter/CEG3156/Labs/Lab3/simulation/qsim/ MIPS_RISK_PipelinedProcessor -c MIPS_RISK_PipelinedProcessor
quartus_eda --gen_testbench --check_outputs=on --tool=modelsim_oem --format=verilog MIPS_RISK_PipelinedProcessor -c MIPS_RISK_PipelinedProcessor --vector_source=C:/Users/Wring/Documents/_uOttawa/2024Winter/CEG3156/Labs/Lab3/component_test.vwf --testbench_file=C:/Users/Wring/Documents/_uOttawa/2024Winter/CEG3156/Labs/Lab3/simulation/qsim/component_test.vwf.vt
quartus_eda --functional=off --flatten_buses=off --timescale=1ps --simulation=on --tool=modelsim_oem --format=verilog --output_directory=C:/Users/Wring/Documents/_uOttawa/2024Winter/CEG3156/Labs/Lab3/simulation/qsim/ MIPS_RISK_PipelinedProcessor -c MIPS_RISK_PipelinedProcessor
quartus_eda --gen_testbench --check_outputs=on --tool=modelsim_oem --format=verilog MIPS_RISK_PipelinedProcessor -c MIPS_RISK_PipelinedProcessor --vector_source=C:/Users/Wring/Documents/_uOttawa/2024Winter/CEG3156/Labs/Lab3/component_test.vwf --testbench_file=C:/Users/Wring/Documents/_uOttawa/2024Winter/CEG3156/Labs/Lab3/simulation/qsim/component_test.vwf.vt
quartus_eda --functional=on --flatten_buses=off --simulation=on --tool=modelsim_oem --format=verilog --output_directory=C:/Users/Wring/Documents/_uOttawa/2024Winter/CEG3156/Labs/Lab3/simulation/qsim/ MIPS_RISK_PipelinedProcessor -c MIPS_RISK_PipelinedProcessor



