Flow report for MIPC_RISK_SimpleCPU
Wed Mar 20 14:32:48 2024
Quartus II 64-Bit Version 13.1.0 Build 162 10/23/2013 SJ Web Edition


---------------------
; Table of Contents ;
---------------------
  1. Legal Notice
  2. Flow Summary
  3. Flow Settings
  4. Flow Non-Default Global Settings
  5. Flow Elapsed Time
  6. Flow OS Summary
  7. Flow Log
  8. Flow Messages
  9. Flow Suppressed Messages



----------------
; Legal Notice ;
----------------
Copyright (C) 1991-2013 Altera Corporation
Your use of Altera Corporation's design tools, logic functions 
and other software and tools, and its AMPP partner logic 
functions, and any output files from any of the foregoing 
(including device programming or simulation files), and any 
associated documentation or information are expressly subject 
to the terms and conditions of the Altera Program License 
Subscription Agreement, Altera MegaCore Function License 
Agreement, or other applicable license agreement, including, 
without limitation, that your use is for the sole purpose of 
programming logic devices manufactured by Altera and sold by 
Altera or its authorized distributors.  Please refer to the 
applicable agreement for further details.



+---------------------------------------------------------------------------------+
; Flow Summary                                                                    ;
+------------------------------------+--------------------------------------------+
; Flow Status                        ; Successful - Wed Mar 20 14:32:48 2024      ;
; Quartus II 64-Bit Version          ; 13.1.0 Build 162 10/23/2013 SJ Web Edition ;
; Revision Name                      ; MIPC_RISK_SimpleCPU                        ;
; Top-level Entity Name              ; top_level                                  ;
; Family                             ; Cyclone IV E                               ;
; Device                             ; EP4CE115F29C7                              ;
; Timing Models                      ; Final                                      ;
; Total logic elements               ; 3,707 / 114,480 ( 3 % )                    ;
;     Total combinational functions  ; 3,707 / 114,480 ( 3 % )                    ;
;     Dedicated logic registers      ; 0 / 114,480 ( 0 % )                        ;
; Total registers                    ; 0                                          ;
; Total pins                         ; 13 / 529 ( 2 % )                           ;
; Total virtual pins                 ; 0                                          ;
; Total memory bits                  ; 9,984 / 3,981,312 ( < 1 % )                ;
; Embedded Multiplier 9-bit elements ; 0 / 532 ( 0 % )                            ;
; Total PLLs                         ; 0 / 4 ( 0 % )                              ;
+------------------------------------+--------------------------------------------+


+-----------------------------------------+
; Flow Settings                           ;
+-------------------+---------------------+
; Option            ; Setting             ;
+-------------------+---------------------+
; Start date & time ; 03/20/2024 14:30:03 ;
; Main task         ; Compilation         ;
; Revision Name     ; MIPC_RISK_SimpleCPU ;
+-------------------+---------------------+


+----------------------------------------------------------------------------------------------------------------------------------------------------------------------------+
; Flow Non-Default Global Settings                                                                                                                                           ;
+-------------------------------------+---------------------------------------------------------------------------------+---------------------+-------------+----------------+
; Assignment Name                     ; Value                                                                           ; Default Value       ; Entity Name ; Section Id     ;
+-------------------------------------+---------------------------------------------------------------------------------+---------------------+-------------+----------------+
; COMPILER_SIGNATURE_ID               ; 96830617085114.171095940303956                                                  ; --                  ; --          ; --             ;
; EDA_GENERATE_FUNCTIONAL_NETLIST     ; On                                                                              ; --                  ; --          ; eda_simulation ;
; EDA_NETLIST_WRITER_OUTPUT_DIR       ; C:/Users/Wring/Documents/_uOttawa/2024Winter/CEG3156/Labs/Lab2/simulation/qsim/ ; --                  ; --          ; eda_simulation ;
; EDA_OUTPUT_DATA_FORMAT              ; Verilog Hdl                                                                     ; --                  ; --          ; eda_simulation ;
; EDA_SIMULATION_TOOL                 ; ModelSim-Altera (Verilog)                                                       ; <None>              ; --          ; --             ;
; EDA_TIME_SCALE                      ; 1 ps                                                                            ; --                  ; --          ; eda_simulation ;
; IP_TOOL_NAME                        ; RAM: 1-PORT                                                                     ; --                  ; --          ; --             ;
; IP_TOOL_VERSION                     ; 13.1                                                                            ; --                  ; --          ; --             ;
; MAX_CORE_JUNCTION_TEMP              ; 85                                                                              ; --                  ; --          ; --             ;
; MIN_CORE_JUNCTION_TEMP              ; 0                                                                               ; --                  ; --          ; --             ;
; MISC_FILE                           ; DMEM_wizard.bsf                                                                 ; --                  ; --          ; --             ;
; MISC_FILE                           ; DMEM_wizard_inst.vhd                                                            ; --                  ; --          ; --             ;
; MISC_FILE                           ; DMEM_wizard.inc                                                                 ; --                  ; --          ; --             ;
; MISC_FILE                           ; DMEM_wizard.cmp                                                                 ; --                  ; --          ; --             ;
; NOMINAL_CORE_SUPPLY_VOLTAGE         ; 1.2V                                                                            ; --                  ; --          ; --             ;
; PARTITION_COLOR                     ; 16764057                                                                        ; --                  ; top_level   ; Top            ;
; PARTITION_FITTER_PRESERVATION_LEVEL ; PLACEMENT_AND_ROUTING                                                           ; --                  ; top_level   ; Top            ;
; PARTITION_NETLIST_TYPE              ; SOURCE                                                                          ; --                  ; top_level   ; Top            ;
; POWER_BOARD_THERMAL_MODEL           ; None (CONSERVATIVE)                                                             ; --                  ; --          ; --             ;
; POWER_PRESET_COOLING_SOLUTION       ; 23 MM HEAT SINK WITH 200 LFPM AIRFLOW                                           ; --                  ; --          ; --             ;
; PROJECT_OUTPUT_DIRECTORY            ; output_files                                                                    ; --                  ; --          ; --             ;
; TOP_LEVEL_ENTITY                    ; top_level                                                                       ; MIPC_RISK_SimpleCPU ; --          ; --             ;
+-------------------------------------+---------------------------------------------------------------------------------+---------------------+-------------+----------------+


+-------------------------------------------------------------------------------------------------------------------------------+
; Flow Elapsed Time                                                                                                             ;
+---------------------------+--------------+-------------------------+---------------------+------------------------------------+
; Module Name               ; Elapsed Time ; Average Processors Used ; Peak Virtual Memory ; Total CPU Time (on all processors) ;
+---------------------------+--------------+-------------------------+---------------------+------------------------------------+
; Analysis & Synthesis      ; 00:00:09     ; 1.0                     ; 4785 MB             ; 00:00:04                           ;
; Fitter                    ; 00:00:45     ; 1.0                     ; 5182 MB             ; 00:00:12                           ;
; Assembler                 ; 00:00:02     ; 1.0                     ; 4639 MB             ; 00:00:01                           ;
; TimeQuest Timing Analyzer ; 00:00:03     ; 1.0                     ; 4732 MB             ; 00:00:01                           ;
; EDA Netlist Writer        ; 00:00:01     ; 1.0                     ; 4598 MB             ; 00:00:00                           ;
; EDA Netlist Writer        ; 00:00:01     ; 1.0                     ; 4601 MB             ; 00:00:00                           ;
; EDA Netlist Writer        ; 00:00:02     ; 1.0                     ; 4617 MB             ; 00:00:00                           ;
; Total                     ; 00:01:03     ; --                      ; --                  ; 00:00:18                           ;
+---------------------------+--------------+-------------------------+---------------------+------------------------------------+


+----------------------------------------------------------------------------------------+
; Flow OS Summary                                                                        ;
+---------------------------+------------------+-----------+------------+----------------+
; Module Name               ; Machine Hostname ; OS Name   ; OS Version ; Processor type ;
+---------------------------+------------------+-----------+------------+----------------+
; Analysis & Synthesis      ; Alikar           ; Windows 7 ; 6.2        ; x86_64         ;
; Fitter                    ; Alikar           ; Windows 7 ; 6.2        ; x86_64         ;
; Assembler                 ; Alikar           ; Windows 7 ; 6.2        ; x86_64         ;
; TimeQuest Timing Analyzer ; Alikar           ; Windows 7 ; 6.2        ; x86_64         ;
; EDA Netlist Writer        ; Alikar           ; Windows 7 ; 6.2        ; x86_64         ;
; EDA Netlist Writer        ; Alikar           ; Windows 7 ; 6.2        ; x86_64         ;
; EDA Netlist Writer        ; Alikar           ; Windows 7 ; 6.2        ; x86_64         ;
+---------------------------+------------------+-----------+------------+----------------+


------------
; Flow Log ;
------------
quartus_map --read_settings_files=on --write_settings_files=off MIPC_RISK_SimpleCPU -c MIPC_RISK_SimpleCPU
quartus_fit --read_settings_files=off --write_settings_files=off MIPC_RISK_SimpleCPU -c MIPC_RISK_SimpleCPU
quartus_asm --read_settings_files=off --write_settings_files=off MIPC_RISK_SimpleCPU -c MIPC_RISK_SimpleCPU
quartus_sta MIPC_RISK_SimpleCPU -c MIPC_RISK_SimpleCPU
quartus_eda --read_settings_files=off --write_settings_files=off MIPC_RISK_SimpleCPU -c MIPC_RISK_SimpleCPU
quartus_eda --gen_testbench --check_outputs=on --tool=modelsim_oem --format=verilog MIPC_RISK_SimpleCPU -c MIPC_RISK_SimpleCPU --vector_source=C:/Users/Wring/Documents/_uOttawa/2024Winter/CEG3156/Labs/Lab2/component_test.vwf --testbench_file=C:/Users/Wring/Documents/_uOttawa/2024Winter/CEG3156/Labs/Lab2/simulation/qsim/component_test.vwf.vt
quartus_eda --functional=off --flatten_buses=off --timescale=1ps --simulation=on --tool=modelsim_oem --format=verilog --output_directory=C:/Users/Wring/Documents/_uOttawa/2024Winter/CEG3156/Labs/Lab2/simulation/qsim/ MIPC_RISK_SimpleCPU -c MIPC_RISK_SimpleCPU



